\BOOKMARK [0][-]{chapter.1}{绪 论}{}% 1
\BOOKMARK [1][-]{section.1.1}{研究背景及意义}{chapter.1}% 2
\BOOKMARK [1][-]{section.1.2}{国内外研究现状}{chapter.1}% 3
\BOOKMARK [1][-]{section.1.3}{本文工作与主要贡献}{chapter.1}% 4
\BOOKMARK [1][-]{section.1.4}{研究重点与组织结构}{chapter.1}% 5
\BOOKMARK [0][-]{chapter.2}{预备知识与概念}{}% 6
\BOOKMARK [1][-]{section.2.1}{有限域基础理论}{chapter.2}% 7
\BOOKMARK [1][-]{section.2.2}{编码基础知识}{chapter.2}% 8
\BOOKMARK [1][-]{section.2.3}{常见码的构造}{chapter.2}% 9
\BOOKMARK [2][-]{subsection.2.3.1}{GRS 码}{section.2.3}% 10
\BOOKMARK [2][-]{subsection.2.3.2}{Goppa 码}{section.2.3}% 11
\BOOKMARK [0][-]{chapter.3}{经典方案介绍}{}% 12
\BOOKMARK [1][-]{section.3.1}{McEliece方案}{chapter.3}% 13
\BOOKMARK [1][-]{section.3.2}{Niederreiter方案}{chapter.3}% 14
\BOOKMARK [1][-]{section.3.3}{BBCRS方案}{chapter.3}% 15
\BOOKMARK [0][-]{chapter.4}{基于BBCRS公钥密码体制的改进}{}% 16
\BOOKMARK [1][-]{section.4.1}{研究动机}{chapter.4}% 17
\BOOKMARK [1][-]{section.4.2}{改进方向}{chapter.4}% 18
\BOOKMARK [1][-]{section.4.3}{方案设计}{chapter.4}% 19
\BOOKMARK [1][-]{section.4.4}{安全性分析}{chapter.4}% 20
\BOOKMARK [1][-]{section.4.5}{效率分析}{chapter.4}% 21
\BOOKMARK [1][-]{section.4.6}{本章小结}{chapter.4}% 22
\BOOKMARK [0][-]{chapter.5}{PPkNNONED方案}{}% 23
\BOOKMARK [1][-]{section.5.1}{K近邻安全检索}{chapter.5}% 24
\BOOKMARK [1][-]{section.5.2}{多数类的安全计算}{chapter.5}% 25
\BOOKMARK [1][-]{section.5.3}{复杂性分析}{chapter.5}% 26
\BOOKMARK [1][-]{section.5.4}{本章小结}{chapter.5}% 27
\BOOKMARK [0][-]{chapter.6}{总结与展望}{}% 28
\BOOKMARK [0][-]{chapter.6}{参考文献}{}% 29
\BOOKMARK [0][-]{section*.8}{致谢}{}% 30
\BOOKMARK [0][-]{section*.10}{发表论文和科研情况}{}% 31
